#
# A fatal error has been detected by the Java Runtime Environment:
#
#  EXCEPTION_ACCESS_VIOLATION (0xc0000005) at pc=0x00007fffbf0e3238, pid=31908, tid=35768
#
# JRE version: OpenJDK Runtime Environment Temurin-21.0.7+6 (21.0.7+6) (build 21.0.7+6-LTS)
# Java VM: OpenJDK 64-Bit Server VM Temurin-21.0.7+6 (21.0.7+6-LTS, mixed mode, sharing, tiered, compressed oops, compressed class ptrs, g1 gc, windows-aarch64)
# Problematic frame:
# C  [D3D12Core.dll+0xb3238]
#
# No core dump will be written. Minidumps are not enabled by default on client versions of Windows
#
# If you would like to submit a bug report, please visit:
#   https://github.com/adoptium/adoptium-support/issues
# The crash happened outside the Java Virtual Machine in native code.
# See problematic frame for where to report the bug.
#

---------------  S U M M A R Y ------------

Command Line: -Dfile.encoding=UTF-8 -Dstdout.encoding=UTF-8 -Dstderr.encoding=UTF-8 -XX:+ShowCodeDetailsInExceptionMessages tester.Main ExamplesMines

Host: Snapdragon(R) X 12-core X1E80100 @ 3.40 GHz, 12 cores, 15G,  Windows 11 , 64 bit Build 26100 (10.0.26100.4343)
Time: Sun Jun 15 20:13:31 2025 Eastern Daylight Time elapsed time: 5141.462741 seconds (0d 1h 25m 41s)

---------------  T H R E A D  ---------------

Current thread (0x000001da48ca47e0):  JavaThread "AWT-Windows" daemon [_thread_in_native, id=35768, stack(0x00000033a2f00000,0x00000033a3000000) (1024K)]

Stack: [0x00000033a2f00000,0x00000033a3000000],  sp=0x00000033a2ffd820,  free space=1014k
Native frames: (J=compiled Java code, j=interpreted, Vv=VM code, C=native code)
C  [D3D12Core.dll+0xb3238]
Java frames: (J=compiled Java code, j=interpreted, Vv=VM code)
j  sun.awt.windows.WToolkit.eventLoop()V+0 java.desktop@21.0.7
j  sun.awt.windows.WToolkit.run()V+50 java.desktop@21.0.7
j  java.lang.Thread.runWith(Ljava/lang/Object;Ljava/lang/Runnable;)V+5 java.base@21.0.7
j  java.lang.Thread.run()V+19 java.base@21.0.7
v  ~StubRoutines::call_stub 0x000001da55220154

siginfo: EXCEPTION_ACCESS_VIOLATION (0xc0000005), reading address 0x0000000000000018


Registers:
X0 =0x000001da48940420, X1 =0x00000033a2ffd8d0, X2 =0x000001da48be6000, X3 =0x00000000000223c5
X4 =0x0000000000000000, X5 =0x000001da6b496800, X6 =0x0000000000000000, X7 =0x00000000000000d2
X8 =0x0000000000000001, X9 =0x0000000000000000, X10=0x0000000000000000, X11=0x00000033a2ffdd38
X12=0xb6ef579df7ffffff, X13=0x0000000000000000, X14=0x0000000000000000, X15=0x00007fffbf0e3210
X16=0xfffffffffffffffe, X17=0x00007fffb49b3b70, X18=0x0000000000000000, X19=0x000001da48940420
, X20=0x0000000000000000, X21=0x000001da6b4d95a0, X22=0x000001da48be6000, X23=0x000001da4893e1b8
, X24=0x0000000000000000, X25=0x0000000000000001, X26=0x000001da6b466ff0, X27=0x0000000000000006, X28=0x0000000000000000


Register to memory mapping:

 X0=0x000001da48940420 points into unknown readable memory: 0x00007fffbf306938 | 38 69 30 bf ff 7f 00 00
 X1=0x00000033a2ffd8d0 is pointing into the stack for thread: 0x000001da48ca47e0
 X2=0x000001da48be6000 points into unknown readable memory: 0x00007fffb4f40200 | 00 02 f4 b4 ff 7f 00 00
 X3=0x00000000000223c5 is an unknown value
 X4=0x0 is null
 X5=0x000001da6b496800 points into unknown readable memory: 0x000001da48be5a90 | 90 5a be 48 da 01 00 00
 X6=0x0 is null
 X7=0x00000000000000d2 is an unknown value
 X8=0x0000000000000001 is an unknown value
 X9=0x0 is null
X10=0x0 is null
X11=0x00000033a2ffdd38 is pointing into the stack for thread: 0x000001da48ca47e0
X12=0xb6ef579df7ffffff is an unknown value
X13=0x0 is null
X14=0x0 is null
X15=0x00007fffbf0e3210 D3D12Core.dll
X16=0xfffffffffffffffe is an unknown value
X17=0x00007fffb49b3b70 qcdx12arm64xum.dll
X18=0x0 is null
X19=0x000001da48940420 points into unknown readable memory: 0x00007fffbf306938 | 38 69 30 bf ff 7f 00 00
X20=0x0 is null
X21=0x000001da6b4d95a0 points into unknown readable memory: 0x00007fffb4f41218 | 18 12 f4 b4 ff 7f 00 00
X22=0x000001da48be6000 points into unknown readable memory: 0x00007fffb4f40200 | 00 02 f4 b4 ff 7f 00 00
X23=0x000001da4893e1b8 points into unknown readable memory: 0x2eff72f32308c72d | 2d c7 08 23 f3 72 ff 2e
X24=0x0 is null
X25=0x0000000000000001 is an unknown value
X26=0x000001da6b466ff0 points into unknown readable memory: 0x000001da48c5c1a8 | a8 c1 c5 48 da 01 00 00
X27=0x0000000000000006 is an unknown value
X28=0x0 is null

Top of Stack: (sp=0x00000033a2ffd820)
0x00000033a2ffd820:   00000033a2ffd8b0 d2647fffb484bfd0
0x00000033a2ffd830:   0000000400000000 fffffffffffffffe
0x00000033a2ffd840:   00000033a2ffd860 82707fffbf05b29c
0x00000033a2ffd850:   00000033a2ffd960 0000000002500010
0x00000033a2ffd860:   000001da48000140 15677fffbf05b19c
0x00000033a2ffd870:   00000033a2ffd8e0 aa35ffffb4866fb8
0x00000033a2ffd880:   000001da6b4d95a0 000001da489420c0
0x00000033a2ffd890:   0000000000000000 0000000000000010
0x00000033a2ffd8a0:   000001da489420c0 0000000000000000
0x00000033a2ffd8b0:   00000033a2ffdd10 e9247fffb48c3a6c
0x00000033a2ffd8c0:   0000000040000300 0000000000001f41
0x00000033a2ffd8d0:   0000000000000000 0000000000000001
0x00000033a2ffd8e0:   00000033a2ffd8c0 00000033a2ffd8c8
0x00000033a2ffd8f0:   0000000000000000 0000000000000000
0x00000033a2ffd900:   0000000000000000 0000000000000000
0x00000033a2ffd910:   0000000000000000 0000000000000000
0x00000033a2ffd920:   0000000000000000 000001da6b466ff0
0x00000033a2ffd930:   000001da48be6000 0000000000000000
0x00000033a2ffd940:   00000033a2ffd918 0000000000000000
0x00000033a2ffd950:   0000000000000000 0000000000000000
0x00000033a2ffd960:   0000000000000000 0000000000000000
0x00000033a2ffd970:   0000000000000000 0000000000000000
0x00000033a2ffd980:   00000033a2ffd9c0 b736ffffbf0a9f3c
0x00000033a2ffd990:   000001da6b4d95a0 00000033a2ffda40
0x00000033a2ffd9a0:   00000033a2ffd9e0 e40d7ff910180ee4
0x00000033a2ffd9b0:   000001da489420c0 00000033a2ffdd00
0x00000033a2ffd9c0:   0000000000000001 000001da6b496788
0x00000033a2ffd9d0:   0000000000000000 000001da6b496788
0x00000033a2ffd9e0:   00000033a2ffdca0 364cffffbf04f918
0x00000033a2ffd9f0:   8000000000000001 000001da6b45c690
0x00000033a2ffda00:   000001da6b3f1c00 4b0e7ff90a296a01
0x00000033a2ffda10:   00000033a2ffdd00 000001da6b496780 

Instructions: (pc=0x00007fffbf0e3238)
0x00007fffbf0e3138:   e0 03 13 2a 02 00 00 14 a0 02 40 b9 ff 83 02 91
0x00007fffbf0e3148:   ee 60 01 94 f5 13 40 f9 f3 53 41 a9 fd 7b c3 a8
0x00007fffbf0e3158:   ff 23 03 d5 c0 03 5f d6 61 00 00 d4 1f 20 03 d5
0x00007fffbf0e3168:   57 00 07 80 70 08 76 88 7f 23 03 d5 f3 0f 1f f8
0x00007fffbf0e3178:   fd 7b bb a9 fd 03 00 91 30 00 80 92 b0 0f 00 f9
0x00007fffbf0e3188:   f3 03 00 aa 69 3a 40 b9 a3 a3 00 91 28 00 40 b9
0x00007fffbf0e3198:   a9 23 05 29 29 a0 40 a9 a9 23 03 a9 28 20 40 b9
0x00007fffbf0e31a8:   a8 7f 09 29 28 0c 40 f9 a8 23 00 f9 a8 fc ff 90
0x00007fffbf0e31b8:   02 81 2d 91 17 6f fd 97 e1 03 00 2a e0 03 13 aa
0x00007fffbf0e31c8:   02 00 80 52 27 e0 fd 97 c8 01 00 18 1f 01 00 6b
0x00007fffbf0e31d8:   13 10 9f 1a e0 03 13 2a de 63 fd 97 e0 03 13 2a
0x00007fffbf0e31e8:   02 00 00 14 a0 13 40 b9 fd 7b c5 a8 f3 07 41 f8
0x00007fffbf0e31f8:   ff 23 03 d5 c0 03 5f d6 61 00 00 d4 1f 20 03 d5
0x00007fffbf0e3208:   70 08 76 88 00 00 00 00 7f 23 03 d5 f3 0f 1f f8
0x00007fffbf0e3218:   fd 7b b8 a9 fd 03 00 91 30 00 80 92 b0 0f 00 f9
0x00007fffbf0e3228:   f3 03 00 aa 29 00 40 f9 28 08 40 b9 07 e4 00 4f
0x00007fffbf0e3238:   29 19 40 b9 a3 c3 00 91 a7 9f 01 ad a7 9f 02 ad
0x00007fffbf0e3248:   a9 23 06 29 28 08 40 f9 a8 1f 00 f9 28 60 00 91
0x00007fffbf0e3258:   06 1d 40 ad a6 1f 02 ad 06 1d 41 ad a8 fc ff 90
0x00007fffbf0e3268:   02 81 2d 91 a6 1f 03 ad 08 6f fd 97 e1 03 00 2a
0x00007fffbf0e3278:   e0 03 13 aa 02 00 80 52 fa df fd 97 a8 01 00 18
0x00007fffbf0e3288:   1f 01 00 6b 13 10 9f 1a e0 03 13 2a b1 63 fd 97
0x00007fffbf0e3298:   e0 03 13 2a 02 00 00 14 a0 13 40 b9 fd 7b c8 a8
0x00007fffbf0e32a8:   f3 07 41 f8 ff 23 03 d5 c0 03 5f d6 61 00 00 d4
0x00007fffbf0e32b8:   70 08 76 88 00 00 00 00 7f 23 03 d5 f3 0f 1f f8
0x00007fffbf0e32c8:   fd 7b bf a9 fd 03 00 91 f3 03 00 aa 60 0a 40 f9
0x00007fffbf0e32d8:   01 04 80 d2 08 00 40 f9 68 0a 00 f9 13 4c fe 97
0x00007fffbf0e32e8:   69 02 40 f9 28 05 40 f9 08 05 00 d1 28 05 00 f9
0x00007fffbf0e32f8:   fd 7b c1 a8 f3 07 41 f8 ff 23 03 d5 c0 03 5f d6
0x00007fffbf0e3308:   7f 23 03 d5 f3 53 be a9 f5 5b 01 a9 fd 7b bf a9
0x00007fffbf0e3318:   fd 03 00 91 f3 03 00 aa 60 02 40 f9 f4 03 01 aa
0x00007fffbf0e3328:   f6 03 02 aa f5 03 03 aa 00 01 00 b4 61 06 40 f9 


Stack slot to memory mapping:

stack at sp + 0 slots: 0x00000033a2ffd8b0 is pointing into the stack for thread: 0x000001da48ca47e0
stack at sp + 1 slots: 0xd2647fffb484bfd0 is an unknown value
stack at sp + 2 slots: 0x0000000400000000 is an unknown value
stack at sp + 3 slots: 0xfffffffffffffffe is an unknown value
stack at sp + 4 slots: 0x00000033a2ffd860 is pointing into the stack for thread: 0x000001da48ca47e0
stack at sp + 5 slots: 0x82707fffbf05b29c is an unknown value
stack at sp + 6 slots: 0x00000033a2ffd960 is pointing into the stack for thread: 0x000001da48ca47e0
stack at sp + 7 slots: 0x0000000002500010 is an unknown value


---------------  P R O C E S S  ---------------

Threads class SMR info:
_java_thread_list=0x000001da6b44f080, length=17, elements={
0x000001da487c12c0, 0x000001da487c1e80, 0x000001da487c7e80, 0x000001da487c8b70,
0x000001da487cbcc0, 0x000001da487cd760, 0x000001da487e68d0, 0x000001da487eba10,
0x000001da4887c4c0, 0x000001da488a9040, 0x000001da48ca0b00, 0x000001da48ca3c20,
0x000001da48ca47e0, 0x000001da6b544450, 0x000001da6b5430d0, 0x000001da6b541050,
0x000001da6b541d50
}

Java Threads: ( => current thread )
  0x000001da487c12c0 JavaThread "Reference Handler"          daemon [_thread_blocked, id=9716, stack(0x00000033a2100000,0x00000033a2200000) (1024K)]
  0x000001da487c1e80 JavaThread "Finalizer"                  daemon [_thread_blocked, id=36844, stack(0x00000033a2200000,0x00000033a2300000) (1024K)]
  0x000001da487c7e80 JavaThread "Signal Dispatcher"          daemon [_thread_blocked, id=30484, stack(0x00000033a2300000,0x00000033a2400000) (1024K)]
  0x000001da487c8b70 JavaThread "Attach Listener"            daemon [_thread_blocked, id=20984, stack(0x00000033a2400000,0x00000033a2500000) (1024K)]
  0x000001da487cbcc0 JavaThread "Service Thread"             daemon [_thread_blocked, id=21500, stack(0x00000033a2500000,0x00000033a2600000) (1024K)]
  0x000001da487cd760 JavaThread "Monitor Deflation Thread"   daemon [_thread_blocked, id=13592, stack(0x00000033a2600000,0x00000033a2700000) (1024K)]
  0x000001da487e68d0 JavaThread "C2 CompilerThread0"         daemon [_thread_blocked, id=2632, stack(0x00000033a2700000,0x00000033a2800000) (1024K)]
  0x000001da487eba10 JavaThread "C1 CompilerThread0"         daemon [_thread_blocked, id=20336, stack(0x00000033a2800000,0x00000033a2900000) (1024K)]
  0x000001da4887c4c0 JavaThread "Notification Thread"        daemon [_thread_blocked, id=22160, stack(0x00000033a2900000,0x00000033a2a00000) (1024K)]
  0x000001da488a9040 JavaThread "Common-Cleaner"             daemon [_thread_blocked, id=12684, stack(0x00000033a2a00000,0x00000033a2b00000) (1024K)]
  0x000001da48ca0b00 JavaThread "Java2D Disposer"            daemon [_thread_blocked, id=40648, stack(0x00000033a2d00000,0x00000033a2e00000) (1024K)]
  0x000001da48ca3c20 JavaThread "AWT-Shutdown"                      [_thread_blocked, id=36996, stack(0x00000033a2e00000,0x00000033a2f00000) (1024K)]
=>0x000001da48ca47e0 JavaThread "AWT-Windows"                daemon [_thread_in_native, id=35768, stack(0x00000033a2f00000,0x00000033a3000000) (1024K)]
  0x000001da6b544450 JavaThread "AWT-EventQueue-0"                  [_thread_in_native, id=36860, stack(0x00000033a2b00000,0x00000033a2c00000) (1024K)]
  0x000001da6b5430d0 JavaThread "D3D Screen Updater"         daemon [_thread_blocked, id=35812, stack(0x00000033a3100000,0x00000033a3200000) (1024K)]
  0x000001da6b541050 JavaThread "TimerQueue"                 daemon [_thread_blocked, id=24432, stack(0x00000033a3200000,0x00000033a3300000) (1024K)]
  0x000001da6b541d50 JavaThread "DestroyJavaVM"                     [_thread_blocked, id=36020, stack(0x00000033a1900000,0x00000033a1a00000) (1024K)]
Total: 17

Other Threads:
  0x000001da487692d0 VMThread "VM Thread"                           [id=4648, stack(0x00000033a2000000,0x00000033a2100000) (1024K)]
  0x000001da4875e4f0 WatcherThread "VM Periodic Task Thread"        [id=34564, stack(0x00000033a1f00000,0x00000033a2000000) (1024K)]
  0x000001da48644c50 WorkerThread "GC Thread#0"                     [id=24292, stack(0x00000033a1a00000,0x00000033a1b00000) (1024K)]
  0x000001da48d7ee90 WorkerThread "GC Thread#1"                     [id=39408, stack(0x00000033a2c00000,0x00000033a2d00000) (1024K)]
  0x000001da48da4f70 WorkerThread "GC Thread#2"                     [id=20392, stack(0x00000033a3300000,0x00000033a3400000) (1024K)]
  0x000001da48da5320 WorkerThread "GC Thread#3"                     [id=21388, stack(0x00000033a3400000,0x00000033a3500000) (1024K)]
  0x000001da48ce3550 WorkerThread "GC Thread#4"                     [id=40176, stack(0x00000033a3500000,0x00000033a3600000) (1024K)]
  0x000001da785aa0b0 WorkerThread "GC Thread#5"                     [id=8144, stack(0x00000033a3600000,0x00000033a3700000) (1024K)]
  0x000001da6b23eaf0 WorkerThread "GC Thread#6"                     [id=33088, stack(0x00000033a3700000,0x00000033a3800000) (1024K)]
  0x000001da785aa460 WorkerThread "GC Thread#7"                     [id=24036, stack(0x00000033a3800000,0x00000033a3900000) (1024K)]
  0x000001da78273200 WorkerThread "GC Thread#8"                     [id=38860, stack(0x00000033a3900000,0x00000033a3a00000) (1024K)]
  0x000001da486c9a10 ConcurrentGCThread "G1 Main Marker"            [id=39708, stack(0x00000033a1b00000,0x00000033a1c00000) (1024K)]
  0x000001da4813ca60 WorkerThread "G1 Conc#0"                       [id=3220, stack(0x00000033a1c00000,0x00000033a1d00000) (1024K)]
  0x000001da486fb710 ConcurrentGCThread "G1 Refine#0"               [id=35832, stack(0x00000033a1d00000,0x00000033a1e00000) (1024K)]
  0x000001da486fc2b0 ConcurrentGCThread "G1 Service"                [id=8552, stack(0x00000033a1e00000,0x00000033a1f00000) (1024K)]
Total: 15

Threads with active compile tasks:
Total: 0

VM state: not at safepoint (normal execution)

VM Mutex/Monitor currently owned by a thread: None

Heap address: 0x0000000706200000, size: 3998 MB, Compressed Oops mode: Zero based, Oop shift amount: 3

CDS archive(s) mapped at: [0x0000007000000000-0x0000007000c80000-0x0000007000c80000), size 13107200, SharedBaseAddress: 0x0000007000000000, ArchiveRelocationMode: 1.
Compressed class space mapped at: 0x0000007001000000-0x0000007041000000, reserved size: 1073741824
Narrow klass base: 0x0000007000000000, Narrow klass shift: 0, Narrow klass range: 0x100000000

GC Precious Log:
 CardTable entry size: 512
 Card Set container configuration: InlinePtr #cards 4 size 8 Array Of Cards #cards 16 size 48 Howl #buckets 8 coarsen threshold 3686 Howl Bitmap #cards 512 size 80 coarsen threshold 460 Card regions per heap region 1 cards per card region 4096
 CPUs: 12 total, 12 available
 Memory: 15984M
 Large Page Support: Disabled
 NUMA Support: Disabled
 Compressed Oops: Enabled (Zero based)
 Heap Region Size: 2M
 Heap Min Capacity: 8M
 Heap Initial Capacity: 250M
 Heap Max Capacity: 3998M
 Pre-touch: Disabled
 Parallel Workers: 10
 Concurrent Workers: 3
 Concurrent Refinement Workers: 10
 Periodic GC: Disabled

Heap:
 garbage-first heap   total 256000K, used 38478K [0x0000000706200000, 0x0000000800000000)
  region size 2048K, 13 young (26624K), 1 survivors (2048K)
 Metaspace       used 9053K, committed 9280K, reserved 1114112K
  class space    used 934K, committed 1024K, reserved 1048576K

Heap Regions: E=young(eden), S=young(survivor), O=old, HS=humongous(starts), HC=humongous(continues), CS=collection set, F=free, TAMS=top-at-mark-start, PB=parsable bottom
|   0|0x0000000706200000, 0x0000000706400000, 0x0000000706400000|100%|HS|  |TAMS 0x0000000706200000| PB 0x0000000706200000| Complete 
|   1|0x0000000706400000, 0x0000000706600000, 0x0000000706600000|100%|HC|  |TAMS 0x0000000706400000| PB 0x0000000706400000| Complete 
|   2|0x0000000706600000, 0x0000000706800000, 0x0000000706800000|100%| O|  |TAMS 0x0000000706600000| PB 0x0000000706600000| Untracked 
|   3|0x0000000706800000, 0x00000007068efce8, 0x0000000706a00000| 46%| O|  |TAMS 0x0000000706800000| PB 0x0000000706800000| Untracked 
|   4|0x0000000706a00000, 0x0000000706c00000, 0x0000000706c00000|100%|HS|  |TAMS 0x0000000706a00000| PB 0x0000000706a00000| Complete 
|   5|0x0000000706c00000, 0x0000000706e00000, 0x0000000706e00000|100%|HC|  |TAMS 0x0000000706c00000| PB 0x0000000706c00000| Complete 
|   6|0x0000000706e00000, 0x0000000707000000, 0x0000000707000000|100%|HC|  |TAMS 0x0000000706e00000| PB 0x0000000706e00000| Complete 
|   7|0x0000000707000000, 0x0000000707200000, 0x0000000707200000|100%|HC|  |TAMS 0x0000000707000000| PB 0x0000000707000000| Complete 
|   8|0x0000000707200000, 0x0000000707200000, 0x0000000707400000|  0%| F|  |TAMS 0x0000000707200000| PB 0x0000000707200000| Untracked 
|   9|0x0000000707400000, 0x0000000707400000, 0x0000000707600000|  0%| F|  |TAMS 0x0000000707400000| PB 0x0000000707400000| Untracked 
|  10|0x0000000707600000, 0x0000000707600000, 0x0000000707800000|  0%| F|  |TAMS 0x0000000707600000| PB 0x0000000707600000| Untracked 
|  11|0x0000000707800000, 0x0000000707800000, 0x0000000707a00000|  0%| F|  |TAMS 0x0000000707800000| PB 0x0000000707800000| Untracked 
|  12|0x0000000707a00000, 0x0000000707a00000, 0x0000000707c00000|  0%| F|  |TAMS 0x0000000707a00000| PB 0x0000000707a00000| Untracked 
|  13|0x0000000707c00000, 0x0000000707c00000, 0x0000000707e00000|  0%| F|  |TAMS 0x0000000707c00000| PB 0x0000000707c00000| Untracked 
|  14|0x0000000707e00000, 0x0000000707e00000, 0x0000000708000000|  0%| F|  |TAMS 0x0000000707e00000| PB 0x0000000707e00000| Untracked 
|  15|0x0000000708000000, 0x0000000708000000, 0x0000000708200000|  0%| F|  |TAMS 0x0000000708000000| PB 0x0000000708000000| Untracked 
|  16|0x0000000708200000, 0x0000000708200000, 0x0000000708400000|  0%| F|  |TAMS 0x0000000708200000| PB 0x0000000708200000| Untracked 
|  17|0x0000000708400000, 0x0000000708400000, 0x0000000708600000|  0%| F|  |TAMS 0x0000000708400000| PB 0x0000000708400000| Untracked 
|  18|0x0000000708600000, 0x0000000708600000, 0x0000000708800000|  0%| F|  |TAMS 0x0000000708600000| PB 0x0000000708600000| Untracked 
|  19|0x0000000708800000, 0x0000000708800000, 0x0000000708a00000|  0%| F|  |TAMS 0x0000000708800000| PB 0x0000000708800000| Untracked 
|  20|0x0000000708a00000, 0x0000000708a00000, 0x0000000708c00000|  0%| F|  |TAMS 0x0000000708a00000| PB 0x0000000708a00000| Untracked 
|  21|0x0000000708c00000, 0x0000000708c00000, 0x0000000708e00000|  0%| F|  |TAMS 0x0000000708c00000| PB 0x0000000708c00000| Untracked 
|  22|0x0000000708e00000, 0x0000000708e00000, 0x0000000709000000|  0%| F|  |TAMS 0x0000000708e00000| PB 0x0000000708e00000| Untracked 
|  23|0x0000000709000000, 0x0000000709000000, 0x0000000709200000|  0%| F|  |TAMS 0x0000000709000000| PB 0x0000000709000000| Untracked 
|  24|0x0000000709200000, 0x0000000709200000, 0x0000000709400000|  0%| F|  |TAMS 0x0000000709200000| PB 0x0000000709200000| Untracked 
|  25|0x0000000709400000, 0x0000000709400000, 0x0000000709600000|  0%| F|  |TAMS 0x0000000709400000| PB 0x0000000709400000| Untracked 
|  26|0x0000000709600000, 0x0000000709600000, 0x0000000709800000|  0%| F|  |TAMS 0x0000000709600000| PB 0x0000000709600000| Untracked 
|  27|0x0000000709800000, 0x0000000709800000, 0x0000000709a00000|  0%| F|  |TAMS 0x0000000709800000| PB 0x0000000709800000| Untracked 
|  28|0x0000000709a00000, 0x0000000709a00000, 0x0000000709c00000|  0%| F|  |TAMS 0x0000000709a00000| PB 0x0000000709a00000| Untracked 
|  29|0x0000000709c00000, 0x0000000709c00000, 0x0000000709e00000|  0%| F|  |TAMS 0x0000000709c00000| PB 0x0000000709c00000| Untracked 
|  30|0x0000000709e00000, 0x0000000709e00000, 0x000000070a000000|  0%| F|  |TAMS 0x0000000709e00000| PB 0x0000000709e00000| Untracked 
|  31|0x000000070a000000, 0x000000070a000000, 0x000000070a200000|  0%| F|  |TAMS 0x000000070a000000| PB 0x000000070a000000| Untracked 
|  32|0x000000070a200000, 0x000000070a200000, 0x000000070a400000|  0%| F|  |TAMS 0x000000070a200000| PB 0x000000070a200000| Untracked 
|  33|0x000000070a400000, 0x000000070a400000, 0x000000070a600000|  0%| F|  |TAMS 0x000000070a400000| PB 0x000000070a400000| Untracked 
|  34|0x000000070a600000, 0x000000070a600000, 0x000000070a800000|  0%| F|  |TAMS 0x000000070a600000| PB 0x000000070a600000| Untracked 
|  35|0x000000070a800000, 0x000000070a800000, 0x000000070aa00000|  0%| F|  |TAMS 0x000000070a800000| PB 0x000000070a800000| Untracked 
|  36|0x000000070aa00000, 0x000000070aa00000, 0x000000070ac00000|  0%| F|  |TAMS 0x000000070aa00000| PB 0x000000070aa00000| Untracked 
|  37|0x000000070ac00000, 0x000000070ac00000, 0x000000070ae00000|  0%| F|  |TAMS 0x000000070ac00000| PB 0x000000070ac00000| Untracked 
|  38|0x000000070ae00000, 0x000000070ae00000, 0x000000070b000000|  0%| F|  |TAMS 0x000000070ae00000| PB 0x000000070ae00000| Untracked 
|  39|0x000000070b000000, 0x000000070b000000, 0x000000070b200000|  0%| F|  |TAMS 0x000000070b000000| PB 0x000000070b000000| Untracked 
|  40|0x000000070b200000, 0x000000070b200000, 0x000000070b400000|  0%| F|  |TAMS 0x000000070b200000| PB 0x000000070b200000| Untracked 
|  41|0x000000070b400000, 0x000000070b400000, 0x000000070b600000|  0%| F|  |TAMS 0x000000070b400000| PB 0x000000070b400000| Untracked 
|  42|0x000000070b600000, 0x000000070b600000, 0x000000070b800000|  0%| F|  |TAMS 0x000000070b600000| PB 0x000000070b600000| Untracked 
|  43|0x000000070b800000, 0x000000070b800000, 0x000000070ba00000|  0%| F|  |TAMS 0x000000070b800000| PB 0x000000070b800000| Untracked 
|  44|0x000000070ba00000, 0x000000070ba00000, 0x000000070bc00000|  0%| F|  |TAMS 0x000000070ba00000| PB 0x000000070ba00000| Untracked 
|  45|0x000000070bc00000, 0x000000070bc00000, 0x000000070be00000|  0%| F|  |TAMS 0x000000070bc00000| PB 0x000000070bc00000| Untracked 
|  46|0x000000070be00000, 0x000000070be00000, 0x000000070c000000|  0%| F|  |TAMS 0x000000070be00000| PB 0x000000070be00000| Untracked 
|  47|0x000000070c000000, 0x000000070c000000, 0x000000070c200000|  0%| F|  |TAMS 0x000000070c000000| PB 0x000000070c000000| Untracked 
|  48|0x000000070c200000, 0x000000070c200000, 0x000000070c400000|  0%| F|  |TAMS 0x000000070c200000| PB 0x000000070c200000| Untracked 
|  49|0x000000070c400000, 0x000000070c4a3e40, 0x000000070c600000| 32%| S|CS|TAMS 0x000000070c400000| PB 0x000000070c400000| Complete 
|  50|0x000000070c600000, 0x000000070c600000, 0x000000070c800000|  0%| F|  |TAMS 0x000000070c600000| PB 0x000000070c600000| Untracked 
|  51|0x000000070c800000, 0x000000070c800000, 0x000000070ca00000|  0%| F|  |TAMS 0x000000070c800000| PB 0x000000070c800000| Untracked 
|  52|0x000000070ca00000, 0x000000070ca00000, 0x000000070cc00000|  0%| F|  |TAMS 0x000000070ca00000| PB 0x000000070ca00000| Untracked 
|  53|0x000000070cc00000, 0x000000070cc00000, 0x000000070ce00000|  0%| F|  |TAMS 0x000000070cc00000| PB 0x000000070cc00000| Untracked 
|  54|0x000000070ce00000, 0x000000070ce00000, 0x000000070d000000|  0%| F|  |TAMS 0x000000070ce00000| PB 0x000000070ce00000| Untracked 
|  55|0x000000070d000000, 0x000000070d000000, 0x000000070d200000|  0%| F|  |TAMS 0x000000070d000000| PB 0x000000070d000000| Untracked 
|  56|0x000000070d200000, 0x000000070d200000, 0x000000070d400000|  0%| F|  |TAMS 0x000000070d200000| PB 0x000000070d200000| Untracked 
|  57|0x000000070d400000, 0x000000070d400000, 0x000000070d600000|  0%| F|  |TAMS 0x000000070d400000| PB 0x000000070d400000| Untracked 
|  58|0x000000070d600000, 0x000000070d600000, 0x000000070d800000|  0%| F|  |TAMS 0x000000070d600000| PB 0x000000070d600000| Untracked 
|  59|0x000000070d800000, 0x000000070d800000, 0x000000070da00000|  0%| F|  |TAMS 0x000000070d800000| PB 0x000000070d800000| Untracked 
|  60|0x000000070da00000, 0x000000070da00000, 0x000000070dc00000|  0%| F|  |TAMS 0x000000070da00000| PB 0x000000070da00000| Untracked 
|  61|0x000000070dc00000, 0x000000070dc00000, 0x000000070de00000|  0%| F|  |TAMS 0x000000070dc00000| PB 0x000000070dc00000| Untracked 
|  62|0x000000070de00000, 0x000000070de00000, 0x000000070e000000|  0%| F|  |TAMS 0x000000070de00000| PB 0x000000070de00000| Untracked 
|  63|0x000000070e000000, 0x000000070e000000, 0x000000070e200000|  0%| F|  |TAMS 0x000000070e000000| PB 0x000000070e000000| Untracked 
|  64|0x000000070e200000, 0x000000070e200000, 0x000000070e400000|  0%| F|  |TAMS 0x000000070e200000| PB 0x000000070e200000| Untracked 
|  65|0x000000070e400000, 0x000000070e400000, 0x000000070e600000|  0%| F|  |TAMS 0x000000070e400000| PB 0x000000070e400000| Untracked 
|  66|0x000000070e600000, 0x000000070e600000, 0x000000070e800000|  0%| F|  |TAMS 0x000000070e600000| PB 0x000000070e600000| Untracked 
|  67|0x000000070e800000, 0x000000070e800000, 0x000000070ea00000|  0%| F|  |TAMS 0x000000070e800000| PB 0x000000070e800000| Untracked 
|  68|0x000000070ea00000, 0x000000070ea00000, 0x000000070ec00000|  0%| F|  |TAMS 0x000000070ea00000| PB 0x000000070ea00000| Untracked 
|  69|0x000000070ec00000, 0x000000070ec00000, 0x000000070ee00000|  0%| F|  |TAMS 0x000000070ec00000| PB 0x000000070ec00000| Untracked 
|  70|0x000000070ee00000, 0x000000070ee00000, 0x000000070f000000|  0%| F|  |TAMS 0x000000070ee00000| PB 0x000000070ee00000| Untracked 
|  71|0x000000070f000000, 0x000000070f000000, 0x000000070f200000|  0%| F|  |TAMS 0x000000070f000000| PB 0x000000070f000000| Untracked 
|  72|0x000000070f200000, 0x000000070f200000, 0x000000070f400000|  0%| F|  |TAMS 0x000000070f200000| PB 0x000000070f200000| Untracked 
|  73|0x000000070f400000, 0x000000070f400000, 0x000000070f600000|  0%| F|  |TAMS 0x000000070f400000| PB 0x000000070f400000| Untracked 
|  74|0x000000070f600000, 0x000000070f600000, 0x000000070f800000|  0%| F|  |TAMS 0x000000070f600000| PB 0x000000070f600000| Untracked 
|  75|0x000000070f800000, 0x000000070f800000, 0x000000070fa00000|  0%| F|  |TAMS 0x000000070f800000| PB 0x000000070f800000| Untracked 
|  76|0x000000070fa00000, 0x000000070fa00000, 0x000000070fc00000|  0%| F|  |TAMS 0x000000070fa00000| PB 0x000000070fa00000| Untracked 
|  77|0x000000070fc00000, 0x000000070fc00000, 0x000000070fe00000|  0%| F|  |TAMS 0x000000070fc00000| PB 0x000000070fc00000| Untracked 
|  78|0x000000070fe00000, 0x000000070fe00000, 0x0000000710000000|  0%| F|  |TAMS 0x000000070fe00000| PB 0x000000070fe00000| Untracked 
|  79|0x0000000710000000, 0x0000000710000000, 0x0000000710200000|  0%| F|  |TAMS 0x0000000710000000| PB 0x0000000710000000| Untracked 
|  80|0x0000000710200000, 0x0000000710200000, 0x0000000710400000|  0%| F|  |TAMS 0x0000000710200000| PB 0x0000000710200000| Untracked 
|  81|0x0000000710400000, 0x0000000710400000, 0x0000000710600000|  0%| F|  |TAMS 0x0000000710400000| PB 0x0000000710400000| Untracked 
|  82|0x0000000710600000, 0x0000000710600000, 0x0000000710800000|  0%| F|  |TAMS 0x0000000710600000| PB 0x0000000710600000| Untracked 
|  83|0x0000000710800000, 0x0000000710800000, 0x0000000710a00000|  0%| F|  |TAMS 0x0000000710800000| PB 0x0000000710800000| Untracked 
|  84|0x0000000710a00000, 0x0000000710a00000, 0x0000000710c00000|  0%| F|  |TAMS 0x0000000710a00000| PB 0x0000000710a00000| Untracked 
|  85|0x0000000710c00000, 0x0000000710c00000, 0x0000000710e00000|  0%| F|  |TAMS 0x0000000710c00000| PB 0x0000000710c00000| Untracked 
|  86|0x0000000710e00000, 0x0000000710e00000, 0x0000000711000000|  0%| F|  |TAMS 0x0000000710e00000| PB 0x0000000710e00000| Untracked 
|  87|0x0000000711000000, 0x0000000711000000, 0x0000000711200000|  0%| F|  |TAMS 0x0000000711000000| PB 0x0000000711000000| Untracked 
|  88|0x0000000711200000, 0x0000000711200000, 0x0000000711400000|  0%| F|  |TAMS 0x0000000711200000| PB 0x0000000711200000| Untracked 
|  89|0x0000000711400000, 0x0000000711400000, 0x0000000711600000|  0%| F|  |TAMS 0x0000000711400000| PB 0x0000000711400000| Untracked 
|  90|0x0000000711600000, 0x0000000711600000, 0x0000000711800000|  0%| F|  |TAMS 0x0000000711600000| PB 0x0000000711600000| Untracked 
|  91|0x0000000711800000, 0x0000000711800000, 0x0000000711a00000|  0%| F|  |TAMS 0x0000000711800000| PB 0x0000000711800000| Untracked 
|  92|0x0000000711a00000, 0x0000000711a00000, 0x0000000711c00000|  0%| F|  |TAMS 0x0000000711a00000| PB 0x0000000711a00000| Untracked 
|  93|0x0000000711c00000, 0x0000000711c00000, 0x0000000711e00000|  0%| F|  |TAMS 0x0000000711c00000| PB 0x0000000711c00000| Untracked 
|  94|0x0000000711e00000, 0x0000000711e00000, 0x0000000712000000|  0%| F|  |TAMS 0x0000000711e00000| PB 0x0000000711e00000| Untracked 
|  95|0x0000000712000000, 0x0000000712000000, 0x0000000712200000|  0%| F|  |TAMS 0x0000000712000000| PB 0x0000000712000000| Untracked 
|  96|0x0000000712200000, 0x0000000712200000, 0x0000000712400000|  0%| F|  |TAMS 0x0000000712200000| PB 0x0000000712200000| Untracked 
|  97|0x0000000712400000, 0x0000000712400000, 0x0000000712600000|  0%| F|  |TAMS 0x0000000712400000| PB 0x0000000712400000| Untracked 
|  98|0x0000000712600000, 0x0000000712600000, 0x0000000712800000|  0%| F|  |TAMS 0x0000000712600000| PB 0x0000000712600000| Untracked 
|  99|0x0000000712800000, 0x0000000712800000, 0x0000000712a00000|  0%| F|  |TAMS 0x0000000712800000| PB 0x0000000712800000| Untracked 
| 100|0x0000000712a00000, 0x0000000712a00000, 0x0000000712c00000|  0%| F|  |TAMS 0x0000000712a00000| PB 0x0000000712a00000| Untracked 
| 101|0x0000000712c00000, 0x0000000712c00000, 0x0000000712e00000|  0%| F|  |TAMS 0x0000000712c00000| PB 0x0000000712c00000| Untracked 
| 102|0x0000000712e00000, 0x0000000712e00000, 0x0000000713000000|  0%| F|  |TAMS 0x0000000712e00000| PB 0x0000000712e00000| Untracked 
| 103|0x0000000713000000, 0x0000000713000000, 0x0000000713200000|  0%| F|  |TAMS 0x0000000713000000| PB 0x0000000713000000| Untracked 
| 104|0x0000000713200000, 0x0000000713200000, 0x0000000713400000|  0%| F|  |TAMS 0x0000000713200000| PB 0x0000000713200000| Untracked 
| 105|0x0000000713400000, 0x0000000713400000, 0x0000000713600000|  0%| F|  |TAMS 0x0000000713400000| PB 0x0000000713400000| Untracked 
| 106|0x0000000713600000, 0x0000000713600000, 0x0000000713800000|  0%| F|  |TAMS 0x0000000713600000| PB 0x0000000713600000| Untracked 
| 107|0x0000000713800000, 0x0000000713800000, 0x0000000713a00000|  0%| F|  |TAMS 0x0000000713800000| PB 0x0000000713800000| Untracked 
| 108|0x0000000713a00000, 0x0000000713a00000, 0x0000000713c00000|  0%| F|  |TAMS 0x0000000713a00000| PB 0x0000000713a00000| Untracked 
| 109|0x0000000713c00000, 0x0000000713c00000, 0x0000000713e00000|  0%| F|  |TAMS 0x0000000713c00000| PB 0x0000000713c00000| Untracked 
| 110|0x0000000713e00000, 0x0000000713e00000, 0x0000000714000000|  0%| F|  |TAMS 0x0000000713e00000| PB 0x0000000713e00000| Untracked 
| 111|0x0000000714000000, 0x0000000714000000, 0x0000000714200000|  0%| F|  |TAMS 0x0000000714000000| PB 0x0000000714000000| Untracked 
| 112|0x0000000714200000, 0x0000000714200000, 0x0000000714400000|  0%| F|  |TAMS 0x0000000714200000| PB 0x0000000714200000| Untracked 
| 113|0x0000000714400000, 0x0000000714502900, 0x0000000714600000| 50%| E|  |TAMS 0x0000000714400000| PB 0x0000000714400000| Complete 
| 114|0x0000000714600000, 0x0000000714800000, 0x0000000714800000|100%| E|CS|TAMS 0x0000000714600000| PB 0x0000000714600000| Complete 
| 115|0x0000000714800000, 0x0000000714a00000, 0x0000000714a00000|100%| E|CS|TAMS 0x0000000714800000| PB 0x0000000714800000| Complete 
| 116|0x0000000714a00000, 0x0000000714c00000, 0x0000000714c00000|100%| E|CS|TAMS 0x0000000714a00000| PB 0x0000000714a00000| Complete 
| 117|0x0000000714c00000, 0x0000000714e00000, 0x0000000714e00000|100%| E|CS|TAMS 0x0000000714c00000| PB 0x0000000714c00000| Complete 
| 118|0x0000000714e00000, 0x0000000715000000, 0x0000000715000000|100%| E|CS|TAMS 0x0000000714e00000| PB 0x0000000714e00000| Complete 
| 119|0x0000000715000000, 0x0000000715200000, 0x0000000715200000|100%| E|CS|TAMS 0x0000000715000000| PB 0x0000000715000000| Complete 
| 120|0x0000000715200000, 0x0000000715400000, 0x0000000715400000|100%| E|CS|TAMS 0x0000000715200000| PB 0x0000000715200000| Complete 
| 121|0x0000000715400000, 0x0000000715600000, 0x0000000715600000|100%| E|CS|TAMS 0x0000000715400000| PB 0x0000000715400000| Complete 
| 122|0x0000000715600000, 0x0000000715800000, 0x0000000715800000|100%| E|CS|TAMS 0x0000000715600000| PB 0x0000000715600000| Complete 
| 123|0x0000000715800000, 0x0000000715a00000, 0x0000000715a00000|100%| E|CS|TAMS 0x0000000715800000| PB 0x0000000715800000| Complete 
| 124|0x0000000715a00000, 0x0000000715c00000, 0x0000000715c00000|100%| E|CS|TAMS 0x0000000715a00000| PB 0x0000000715a00000| Complete 

Card table byte_map: [0x000001da5e7d0000,0x000001da5efa0000] _byte_map_base: 0x000001da5af9f000

Marking Bits: (CMBitMap*) 0x000001da48688a50
 Bits: [0x000001da5efa0000, 0x000001da62e18000)

Polling page: 0x000001da47e40000

Metaspace:

Usage:
  Non-class:      7.93 MB used.
      Class:    934.59 KB used.
       Both:      8.84 MB used.

Virtual space:
  Non-class space:       64.00 MB reserved,       8.06 MB ( 13%) committed,  1 nodes.
      Class space:        1.00 GB reserved,       1.00 MB ( <1%) committed,  1 nodes.
             Both:        1.06 GB reserved,       9.06 MB ( <1%) committed. 

Chunk freelists:
   Non-Class:  7.98 MB
       Class:  15.02 MB
        Both:  23.00 MB

MaxMetaspaceSize: unlimited
CompressedClassSpaceSize: 1.00 GB
Initial GC threshold: 21.00 MB
Current GC threshold: 21.00 MB
CDS: on
 - commit_granule_bytes: 65536.
 - commit_granule_words: 8192.
 - virtual_space_node_default_size: 8388608.
 - enlarge_chunks_in_place: 1.
 - use_allocation_guard: 0.


Internal statistics:

num_allocs_failed_limit: 0.
num_arena_births: 218.
num_arena_deaths: 0.
num_vsnodes_births: 2.
num_vsnodes_deaths: 0.
num_space_committed: 145.
num_space_uncommitted: 0.
num_chunks_returned_to_freelist: 0.
num_chunks_taken_from_freelist: 323.
num_chunk_merges: 0.
num_chunk_splits: 186.
num_chunks_enlarged: 75.
num_inconsistent_stats: 0.

CodeHeap 'non-profiled nmethods': size=120000Kb used=1909Kb max_used=1909Kb free=118090Kb
 bounds [0x000001da557c0000, 0x000001da55a30000, 0x000001da5ccf0000]
CodeHeap 'profiled nmethods': size=120000Kb used=3793Kb max_used=3793Kb free=116206Kb
 bounds [0x000001da4dcf0000, 0x000001da4e0b0000, 0x000001da55220000]
CodeHeap 'non-nmethods': size=5760Kb used=1453Kb max_used=1557Kb free=4306Kb
 bounds [0x000001da55220000, 0x000001da55490000, 0x000001da557c0000]
 total_blobs=2833 nmethods=2208 adapters=533
 compilation: enabled
              stopped_count=0, restarted_count=0
 full_count=0

Compilation events (20 events):
Event: 1016.446 Thread 0x000001da487e68d0 2200       4       java.security.AccessController::doPrivileged (17 bytes)
Event: 1016.448 Thread 0x000001da487e68d0 nmethod 2200 0x000001da5599c490 code [0x000001da5599c640, 0x000001da5599c798]
Event: 1019.008 Thread 0x000001da487eba10 2201       3       javax.swing.Timer::post (36 bytes)
Event: 1019.010 Thread 0x000001da487eba10 nmethod 2201 0x000001da4e09d610 code [0x000001da4e09da00, 0x000001da4e09ea08]
Event: 5138.996 Thread 0x000001da487e68d0 2202       4       java.util.concurrent.ConcurrentHashMap::addCount (280 bytes)
Event: 5138.996 Thread 0x000001da487eba10 2203   !   3       java.util.concurrent.ConcurrentHashMap::replaceNode (437 bytes)
Event: 5138.998 Thread 0x000001da487eba10 nmethod 2203 0x000001da4e09f110 code [0x000001da4e09f540, 0x000001da4e0a0d50]
Event: 5139.000 Thread 0x000001da487e68d0 nmethod 2202 0x000001da5599c910 code [0x000001da5599cac0, 0x000001da5599cd80]
Event: 5139.015 Thread 0x000001da487eba10 2204       3       java.util.concurrent.ConcurrentHashMap::remove (8 bytes)
Event: 5139.015 Thread 0x000001da487eba10 nmethod 2204 0x000001da4e0a1a10 code [0x000001da4e0a1bc0, 0x000001da4e0a1d38]
Event: 5139.045 Thread 0x000001da487eba10 2205       3       java.util.Arrays::copyOfRange (90 bytes)
Event: 5139.047 Thread 0x000001da487eba10 nmethod 2205 0x000001da4e0a1e10 code [0x000001da4e0a2140, 0x000001da4e0a2db0]
Event: 5139.409 Thread 0x000001da487e68d0 2206       4       java.util.IdentityHashMap$KeyIterator::next (13 bytes)
Event: 5139.411 Thread 0x000001da487e68d0 nmethod 2206 0x000001da5599d010 code [0x000001da5599d1c0, 0x000001da5599d338]
Event: 5141.369 Thread 0x000001da487eba10 2207       3       java.lang.Integer::stringSize (47 bytes)
Event: 5141.369 Thread 0x000001da487eba10 nmethod 2207 0x000001da4e0a3310 code [0x000001da4e0a34c0, 0x000001da4e0a36e0]
Event: 5141.369 Thread 0x000001da487eba10 2208       3       java.lang.Integer::getChars (121 bytes)
Event: 5141.369 Thread 0x000001da487eba10 nmethod 2208 0x000001da4e0a3790 code [0x000001da4e0a3980, 0x000001da4e0a3db0]
Event: 5141.372 Thread 0x000001da487eba10 2209       3       sun.java2d.SunGraphics2D::setColor (108 bytes)
Event: 5141.372 Thread 0x000001da487eba10 nmethod 2209 0x000001da4e0a4010 code [0x000001da4e0a4200, 0x000001da4e0a4698]

GC Heap History (20 events):
Event: 870.337 GC heap before
{Heap before GC invocations=54 (full 0):
 garbage-first heap   total 256000K, used 159295K [0x0000000706200000, 0x0000000800000000)
  region size 2048K, 75 young (153600K), 1 survivors (2048K)
 Metaspace       used 9045K, committed 9216K, reserved 1114112K
  class space    used 934K, committed 1024K, reserved 1048576K
}
Event: 870.339 GC heap after
{Heap after GC invocations=55 (full 0):
 garbage-first heap   total 256000K, used 7743K [0x0000000706200000, 0x0000000800000000)
  region size 2048K, 1 young (2048K), 1 survivors (2048K)
 Metaspace       used 9045K, committed 9216K, reserved 1114112K
  class space    used 934K, committed 1024K, reserved 1048576K
}
Event: 886.641 GC heap before
{Heap before GC invocations=55 (full 0):
 garbage-first heap   total 256000K, used 159295K [0x0000000706200000, 0x0000000800000000)
  region size 2048K, 75 young (153600K), 1 survivors (2048K)
 Metaspace       used 9045K, committed 9216K, reserved 1114112K
  class space    used 934K, committed 1024K, reserved 1048576K
}
Event: 886.642 GC heap after
{Heap after GC invocations=56 (full 0):
 garbage-first heap   total 256000K, used 7741K [0x0000000706200000, 0x0000000800000000)
  region size 2048K, 1 young (2048K), 1 survivors (2048K)
 Metaspace       used 9045K, committed 9216K, reserved 1114112K
  class space    used 934K, committed 1024K, reserved 1048576K
}
Event: 902.995 GC heap before
{Heap before GC invocations=56 (full 0):
 garbage-first heap   total 256000K, used 159293K [0x0000000706200000, 0x0000000800000000)
  region size 2048K, 75 young (153600K), 1 survivors (2048K)
 Metaspace       used 9045K, committed 9216K, reserved 1114112K
  class space    used 934K, committed 1024K, reserved 1048576K
}
Event: 902.997 GC heap after
{Heap after GC invocations=57 (full 0):
 garbage-first heap   total 256000K, used 7719K [0x0000000706200000, 0x0000000800000000)
  region size 2048K, 1 young (2048K), 1 survivors (2048K)
 Metaspace       used 9045K, committed 9216K, reserved 1114112K
  class space    used 934K, committed 1024K, reserved 1048576K
}
Event: 919.156 GC heap before
{Heap before GC invocations=57 (full 0):
 garbage-first heap   total 256000K, used 159271K [0x0000000706200000, 0x0000000800000000)
  region size 2048K, 75 young (153600K), 1 survivors (2048K)
 Metaspace       used 9045K, committed 9216K, reserved 1114112K
  class space    used 934K, committed 1024K, reserved 1048576K
}
Event: 919.158 GC heap after
{Heap after GC invocations=58 (full 0):
 garbage-first heap   total 256000K, used 7470K [0x0000000706200000, 0x0000000800000000)
  region size 2048K, 1 young (2048K), 1 survivors (2048K)
 Metaspace       used 9045K, committed 9216K, reserved 1114112K
  class space    used 934K, committed 1024K, reserved 1048576K
}
Event: 935.518 GC heap before
{Heap before GC invocations=58 (full 0):
 garbage-first heap   total 256000K, used 159022K [0x0000000706200000, 0x0000000800000000)
  region size 2048K, 75 young (153600K), 1 survivors (2048K)
 Metaspace       used 9045K, committed 9216K, reserved 1114112K
  class space    used 934K, committed 1024K, reserved 1048576K
}
Event: 935.520 GC heap after
{Heap after GC invocations=59 (full 0):
 garbage-first heap   total 256000K, used 7562K [0x0000000706200000, 0x0000000800000000)
  region size 2048K, 1 young (2048K), 1 survivors (2048K)
 Metaspace       used 9045K, committed 9216K, reserved 1114112K
  class space    used 934K, committed 1024K, reserved 1048576K
}
Event: 951.623 GC heap before
{Heap before GC invocations=59 (full 0):
 garbage-first heap   total 256000K, used 159114K [0x0000000706200000, 0x0000000800000000)
  region size 2048K, 75 young (153600K), 1 survivors (2048K)
 Metaspace       used 9045K, committed 9216K, reserved 1114112K
  class space    used 934K, committed 1024K, reserved 1048576K
}
Event: 951.625 GC heap after
{Heap after GC invocations=60 (full 0):
 garbage-first heap   total 256000K, used 7727K [0x0000000706200000, 0x0000000800000000)
  region size 2048K, 1 young (2048K), 1 survivors (2048K)
 Metaspace       used 9045K, committed 9216K, reserved 1114112K
  class space    used 934K, committed 1024K, reserved 1048576K
}
Event: 968.029 GC heap before
{Heap before GC invocations=60 (full 0):
 garbage-first heap   total 256000K, used 159279K [0x0000000706200000, 0x0000000800000000)
  region size 2048K, 75 young (153600K), 1 survivors (2048K)
 Metaspace       used 9045K, committed 9216K, reserved 1114112K
  class space    used 934K, committed 1024K, reserved 1048576K
}
Event: 968.030 GC heap after
{Heap after GC invocations=61 (full 0):
 garbage-first heap   total 256000K, used 7734K [0x0000000706200000, 0x0000000800000000)
  region size 2048K, 1 young (2048K), 1 survivors (2048K)
 Metaspace       used 9045K, committed 9216K, reserved 1114112K
  class space    used 934K, committed 1024K, reserved 1048576K
}
Event: 984.331 GC heap before
{Heap before GC invocations=61 (full 0):
 garbage-first heap   total 256000K, used 159286K [0x0000000706200000, 0x0000000800000000)
  region size 2048K, 75 young (153600K), 1 survivors (2048K)
 Metaspace       used 9045K, committed 9216K, reserved 1114112K
  class space    used 934K, committed 1024K, reserved 1048576K
}
Event: 984.332 GC heap after
{Heap after GC invocations=62 (full 0):
 garbage-first heap   total 256000K, used 7730K [0x0000000706200000, 0x0000000800000000)
  region size 2048K, 1 young (2048K), 1 survivors (2048K)
 Metaspace       used 9045K, committed 9216K, reserved 1114112K
  class space    used 934K, committed 1024K, reserved 1048576K
}
Event: 1000.533 GC heap before
{Heap before GC invocations=62 (full 0):
 garbage-first heap   total 256000K, used 159282K [0x0000000706200000, 0x0000000800000000)
  region size 2048K, 75 young (153600K), 1 survivors (2048K)
 Metaspace       used 9045K, committed 9216K, reserved 1114112K
  class space    used 934K, committed 1024K, reserved 1048576K
}
Event: 1000.534 GC heap after
{Heap after GC invocations=63 (full 0):
 garbage-first heap   total 256000K, used 7735K [0x0000000706200000, 0x0000000800000000)
  region size 2048K, 1 young (2048K), 1 survivors (2048K)
 Metaspace       used 9045K, committed 9216K, reserved 1114112K
  class space    used 934K, committed 1024K, reserved 1048576K
}
Event: 1017.769 GC heap before
{Heap before GC invocations=63 (full 0):
 garbage-first heap   total 256000K, used 159287K [0x0000000706200000, 0x0000000800000000)
  region size 2048K, 75 young (153600K), 1 survivors (2048K)
 Metaspace       used 9047K, committed 9280K, reserved 1114112K
  class space    used 934K, committed 1024K, reserved 1048576K
}
Event: 1017.770 GC heap after
{Heap after GC invocations=64 (full 0):
 garbage-first heap   total 256000K, used 7758K [0x0000000706200000, 0x0000000800000000)
  region size 2048K, 1 young (2048K), 1 survivors (2048K)
 Metaspace       used 9047K, committed 9280K, reserved 1114112K
  class space    used 934K, committed 1024K, reserved 1048576K
}

Dll operation events (11 events):
Event: 0.009 Loaded shared library C:\Users\gabri\.p2\pool\plugins\org.eclipse.justj.openjdk.hotspot.jre.full.win32.aarch64_21.0.7.v20250502-0916\jre\bin\java.dll
Event: 0.035 Loaded shared library C:\Users\gabri\.p2\pool\plugins\org.eclipse.justj.openjdk.hotspot.jre.full.win32.aarch64_21.0.7.v20250502-0916\jre\bin\zip.dll
Event: 0.055 Loaded shared library C:\Users\gabri\.p2\pool\plugins\org.eclipse.justj.openjdk.hotspot.jre.full.win32.aarch64_21.0.7.v20250502-0916\jre\bin\net.dll
Event: 0.057 Loaded shared library C:\Users\gabri\.p2\pool\plugins\org.eclipse.justj.openjdk.hotspot.jre.full.win32.aarch64_21.0.7.v20250502-0916\jre\bin\nio.dll
Event: 0.059 Loaded shared library C:\Users\gabri\.p2\pool\plugins\org.eclipse.justj.openjdk.hotspot.jre.full.win32.aarch64_21.0.7.v20250502-0916\jre\bin\zip.dll
Event: 0.094 Loaded shared library C:\Users\gabri\.p2\pool\plugins\org.eclipse.justj.openjdk.hotspot.jre.full.win32.aarch64_21.0.7.v20250502-0916\jre\bin\jimage.dll
Event: 0.357 Loaded shared library C:\Users\gabri\.p2\pool\plugins\org.eclipse.justj.openjdk.hotspot.jre.full.win32.aarch64_21.0.7.v20250502-0916\jre\bin\instrument.dll
Event: 0.381 Loaded shared library C:\Users\gabri\.p2\pool\plugins\org.eclipse.justj.openjdk.hotspot.jre.full.win32.aarch64_21.0.7.v20250502-0916\jre\bin\instrument.dll
Event: 0.425 Loaded shared library C:\Users\gabri\.p2\pool\plugins\org.eclipse.justj.openjdk.hotspot.jre.full.win32.aarch64_21.0.7.v20250502-0916\jre\bin\awt.dll
Event: 0.654 Loaded shared library C:\Users\gabri\.p2\pool\plugins\org.eclipse.justj.openjdk.hotspot.jre.full.win32.aarch64_21.0.7.v20250502-0916\jre\bin\freetype.dll
Event: 0.655 Loaded shared library C:\Users\gabri\.p2\pool\plugins\org.eclipse.justj.openjdk.hotspot.jre.full.win32.aarch64_21.0.7.v20250502-0916\jre\bin\fontmanager.dll

Deoptimization events (20 events):
Event: 5141.371 Thread 0x000001da6b544450 Uncommon trap: trap_request=0xffffffde fr.pc=0x000001da5595391c relative=0x000000000000471c
Event: 5141.371 Thread 0x000001da6b544450 Uncommon trap: reason=class_check action=maybe_recompile pc=0x000001da5595391c method=sun.java2d.SunGraphics2D.intersectShapes(Ljava/awt/Shape;Ljava/awt/Shape;ZZ)Ljava/awt/Shape; @ 1 c2
Event: 5141.371 Thread 0x000001da6b544450 DEOPT PACKING pc=0x000001da5595391c sp=0x00000033a2bfdd50
Event: 5141.371 Thread 0x000001da6b544450 DEOPT UNPACKING pc=0x000001da5526301c sp=0x00000033a2bfdaa0 mode 2
Event: 5141.372 Thread 0x000001da6b544450 Uncommon trap: trap_request=0xffffffde fr.pc=0x000001da559174e8 relative=0x0000000000002f28
Event: 5141.372 Thread 0x000001da6b544450 Uncommon trap: reason=class_check action=maybe_recompile pc=0x000001da559174e8 method=sun.java2d.pipe.ValidatePipe.copyImage(Lsun/java2d/SunGraphics2D;Ljava/awt/Image;IILjava/awt/Color;Ljava/awt/image/ImageObserver;)Z @ 21 c2
Event: 5141.372 Thread 0x000001da6b544450 DEOPT PACKING pc=0x000001da559174e8 sp=0x00000033a2bfd880
Event: 5141.372 Thread 0x000001da6b544450 DEOPT UNPACKING pc=0x000001da5526301c sp=0x00000033a2bfd7d0 mode 2
Event: 5141.372 Thread 0x000001da6b544450 Uncommon trap: trap_request=0xffffffde fr.pc=0x000001da559269ac relative=0x00000000000003ac
Event: 5141.372 Thread 0x000001da6b544450 Uncommon trap: reason=class_check action=maybe_recompile pc=0x000001da559269ac method=sun.java2d.SunGraphics2D.drawHiDPIImage(Ljava/awt/Image;IIIIIIIILjava/awt/Color;Ljava/awt/image/ImageObserver;Ljava/awt/geom/AffineTransform;)Ljava/lang/Boolean; @ 18 c2
Event: 5141.372 Thread 0x000001da6b544450 DEOPT PACKING pc=0x000001da559269ac sp=0x00000033a2bfe3f0
Event: 5141.372 Thread 0x000001da6b544450 DEOPT UNPACKING pc=0x000001da5526301c sp=0x00000033a2bfe2e0 mode 2
Event: 5141.372 Thread 0x000001da6b544450 Uncommon trap: trap_request=0xffffffde fr.pc=0x000001da55985ce0 relative=0x0000000000000420
Event: 5141.372 Thread 0x000001da6b544450 Uncommon trap: reason=class_check action=maybe_recompile pc=0x000001da55985ce0 method=sun.awt.image.SurfaceManager.getImageScaleX(Ljava/awt/Image;)D @ 18 c2
Event: 5141.372 Thread 0x000001da6b544450 DEOPT PACKING pc=0x000001da55985ce0 sp=0x00000033a2bfdfb0
Event: 5141.372 Thread 0x000001da6b544450 DEOPT UNPACKING pc=0x000001da5526301c sp=0x00000033a2bfde10 mode 2
Event: 5141.378 Thread 0x000001da6b544450 Uncommon trap: trap_request=0xffffffde fr.pc=0x000001da558c6bfc relative=0x00000000000010fc
Event: 5141.378 Thread 0x000001da6b544450 Uncommon trap: reason=class_check action=maybe_recompile pc=0x000001da558c6bfc method=sun.java2d.pipe.BufferedContext.validate(Lsun/java2d/pipe/hw/AccelSurface;Lsun/java2d/pipe/hw/AccelSurface;Lsun/java2d/pipe/Region;Ljava/awt/Composite;Ljava/awt/geom/Aff
Event: 5141.378 Thread 0x000001da6b544450 DEOPT PACKING pc=0x000001da558c6bfc sp=0x00000033a2bfd5f0
Event: 5141.378 Thread 0x000001da6b544450 DEOPT UNPACKING pc=0x000001da5526301c sp=0x00000033a2bfd560 mode 2

Classes loaded (20 events):
Event: 1.763 Loading class javax/swing/text/JTextComponent
Event: 1.763 Loading class javax/swing/Scrollable
Event: 1.763 Loading class javax/swing/Scrollable done
Event: 1.764 Loading class javax/swing/text/JTextComponent done
Event: 2.727 Loading class javax/swing/TimerQueue
Event: 2.727 Loading class javax/swing/TimerQueue done
Event: 2.727 Loading class java/util/concurrent/DelayQueue
Event: 2.727 Loading class java/util/concurrent/DelayQueue done
Event: 2.727 Loading class java/util/PriorityQueue
Event: 2.727 Loading class java/util/PriorityQueue done
Event: 2.728 Loading class javax/swing/TimerQueue$DelayedTimer
Event: 2.728 Loading class java/util/concurrent/Delayed
Event: 2.728 Loading class java/util/concurrent/Delayed done
Event: 2.728 Loading class javax/swing/TimerQueue$DelayedTimer done
Event: 2.834 Loading class javax/swing/Timer$1
Event: 2.834 Loading class javax/swing/Timer$1 done
Event: 199.927 Loading class java/security/DomainCombiner
Event: 199.928 Loading class java/security/DomainCombiner done
Event: 5139.105 Loading class java/awt/image/BufferedImage$1
Event: 5139.110 Loading class java/awt/image/BufferedImage$1 done

Classes unloaded (0 events):
No events

Classes redefined (0 events):
No events

Internal exceptions (20 events):
Event: 0.382 Thread 0x000001da487c8b70 Exception <a 'java/lang/NoSuchMethodError'{0x000000071575c3e0}: 'void java.lang.invoke.DirectMethodHandle$Holder.invokeStatic(java.lang.Object, java.lang.Object, java.lang.Object)'> (0x000000071575c3e0) 
thrown [s\src\hotspot\share\interpreter\linkResolver.cpp, line 773]
Event: 0.384 Thread 0x000001da487c8b70 Exception <a 'java/lang/NoSuchMethodError'{0x000000071576e208}: 'java.lang.Object java.lang.invoke.Invokers$Holder.invokeExact_MT(java.lang.Object, java.lang.Object, java.lang.Object, java.lang.Object, java.lang.Object)'> (0x000000071576e208) 
thrown [s\src\hotspot\share\interpreter\linkResolver.cpp, line 773]
Event: 0.400 Thread 0x000001da481ab840 Exception <a 'java/lang/NoSuchMethodError'{0x00000007156ecdd8}: 'void java.lang.invoke.DelegatingMethodHandle$Holder.reinvoke_L(java.lang.Object, java.lang.Object, java.lang.Object, java.lang.Object, java.lang.Object, java.lang.Object, java.lang.Object, java.lang.Object)'> (0x00000007156ecdd8) 
thrown [s\src\hotspot\share\interpreter\linkResolver.cpp, line 773]
Event: 0.402 Thread 0x000001da481ab840 Exception <a 'java/lang/NoSuchMethodError'{0x00000007157016b8}: 'java.lang.Object java.lang.invoke.DirectMethodHandle$Holder.invokeStatic(java.lang.Object, java.lang.Object, int)'> (0x00000007157016b8) 
thrown [s\src\hotspot\share\interpreter\linkResolver.cpp, line 773]
Event: 0.403 Thread 0x000001da481ab840 Exception <a 'java/lang/NoSuchMethodError'{0x000000071570cc98}: 'void java.lang.invoke.DelegatingMethodHandle$Holder.delegate(java.lang.Object, java.lang.Object, int, java.lang.Object)'> (0x000000071570cc98) 
thrown [s\src\hotspot\share\interpreter\linkResolver.cpp, line 773]
Event: 0.403 Thread 0x000001da481ab840 Exception <a 'java/lang/NoSuchMethodError'{0x0000000715710ea0}: 'int java.lang.invoke.DirectMethodHandle$Holder.invokeSpecial(java.lang.Object, java.lang.Object, java.lang.Object)'> (0x0000000715710ea0) 
thrown [s\src\hotspot\share\interpreter\linkResolver.cpp, line 773]
Event: 0.406 Thread 0x000001da481ab840 Exception <a 'java/lang/NoSuchMethodError'{0x0000000715728508}: 'void java.lang.invoke.DirectMethodHandle$Holder.invokeStatic(java.lang.Object, java.lang.Object, java.lang.Object, java.lang.Object)'> (0x0000000715728508) 
thrown [s\src\hotspot\share\interpreter\linkResolver.cpp, line 773]
Event: 0.421 Thread 0x000001da481ab840 Exception <a 'java/lang/ClassNotFoundException'{0x0000000715486c08}: sun/awt/resources/spi/awtProvider> (0x0000000715486c08) 
thrown [s\src\hotspot\share\classfile\systemDictionary.cpp, line 312]
Event: 0.430 Thread 0x000001da481ab840 Exception <a 'java/io/FileNotFoundException'{0x00000007154ce100}> (0x00000007154ce100) 
thrown [s\src\hotspot\share\prims\jni.cpp, line 520]
Event: 0.434 Thread 0x000001da481ab840 Exception <a 'java/io/FileNotFoundException'{0x00000007154f8a68}> (0x00000007154f8a68) 
thrown [s\src\hotspot\share\prims\jni.cpp, line 520]
Event: 0.596 Thread 0x000001da48d7ec80 Exception <a 'java/lang/NoSuchMethodError'{0x00000007153e2ed8}: 'void java.lang.invoke.DirectMethodHandle$Holder.invokeSpecial(java.lang.Object, java.lang.Object, java.lang.Object)'> (0x00000007153e2ed8) 
thrown [s\src\hotspot\share\interpreter\linkResolver.cpp, line 773]
Event: 0.603 Thread 0x000001da48d7ec80 Exception <a 'java/lang/NoSuchMethodError'{0x0000000715009478}: 'java.lang.Object java.lang.invoke.DirectMethodHandle$Holder.newInvokeSpecial(java.lang.Object, java.lang.Object, java.lang.Object, java.lang.Object, java.lang.Object)'> (0x0000000715009478) 
thrown [s\src\hotspot\share\interpreter\linkResolver.cpp, line 773]
Event: 0.618 Thread 0x000001da48d7ec80 Exception <a 'java/lang/ClassNotFoundException'{0x00000007150d8000}: com/sun/swing/internal/plaf/metal/resources/spi/metalProvider> (0x00000007150d8000) 
thrown [s\src\hotspot\share\classfile\systemDictionary.cpp, line 312]
Event: 0.619 Thread 0x000001da48d7ec80 Exception <a 'java/lang/ClassNotFoundException'{0x00000007150dc088}: com/sun/swing/internal/plaf/basic/resources/spi/basicProvider> (0x00000007150dc088) 
thrown [s\src\hotspot\share\classfile\systemDictionary.cpp, line 312]
Event: 0.626 Thread 0x000001da48d7ec80 Exception <a 'java/lang/NoSuchMethodError'{0x00000007150f8a58}: 'int java.lang.invoke.Invokers$Holder.invokeExact_MT(java.lang.Object, java.lang.Object)'> (0x00000007150f8a58) 
thrown [s\src\hotspot\share\interpreter\linkResolver.cpp, line 773]
Event: 0.645 Thread 0x000001da48ca47e0 Exception <a 'java/lang/NoSuchMethodError'{0x0000000715360548}: 'void java.lang.invoke.DirectMethodHandle$Holder.invokeVirtual(java.lang.Object, java.lang.Object)'> (0x0000000715360548) 
thrown [s\src\hotspot\share\interpreter\linkResolver.cpp, line 773]
Event: 0.650 Thread 0x000001da48d7ec80 Exception <a 'java/lang/NoSuchMethodError'{0x000000071512a1a0}: 'void java.lang.invoke.DirectMethodHandle$Holder.invokeStaticInit(java.lang.Object)'> (0x000000071512a1a0) 
thrown [s\src\hotspot\share\interpreter\linkResolver.cpp, line 773]
Event: 250.115 Thread 0x000001da6b544450 Implicit null exception at 0x000001da55858cc0 to 0x000001da558596b8
Event: 361.766 Thread 0x000001da6b544450 Implicit null exception at 0x000001da55923068 to 0x000001da559230e8
Event: 5139.134 Thread 0x000001da6b544450 Implicit null exception at 0x000001da559390d4 to 0x000001da5593ddd4

ZGC Phase Switch (0 events):
No events

VM Operations (20 events):
Event: 962.164 Executing VM operation: RendezvousGCThreads
Event: 962.164 Executing VM operation: RendezvousGCThreads done
Event: 968.028 Executing VM operation: G1CollectForAllocation (G1 Evacuation Pause)
Event: 968.030 Executing VM operation: G1CollectForAllocation (G1 Evacuation Pause) done
Event: 984.331 Executing VM operation: G1CollectForAllocation (G1 Evacuation Pause)
Event: 984.332 Executing VM operation: G1CollectForAllocation (G1 Evacuation Pause) done
Event: 1000.533 Executing VM operation: G1CollectForAllocation (G1 Evacuation Pause)
Event: 1000.534 Executing VM operation: G1CollectForAllocation (G1 Evacuation Pause) done
Event: 1016.694 Executing VM operation: Cleanup
Event: 1016.694 Executing VM operation: Cleanup done
Event: 1017.768 Executing VM operation: G1CollectForAllocation (G1 Evacuation Pause)
Event: 1017.770 Executing VM operation: G1CollectForAllocation (G1 Evacuation Pause) done
Event: 5138.281 Executing VM operation: HandshakeAllThreads (HandshakeForDeflation)
Event: 5138.281 Executing VM operation: HandshakeAllThreads (HandshakeForDeflation) done
Event: 5138.281 Executing VM operation: RendezvousGCThreads
Event: 5138.281 Executing VM operation: RendezvousGCThreads done
Event: 5139.285 Executing VM operation: Cleanup
Event: 5139.285 Executing VM operation: Cleanup done
Event: 5140.290 Executing VM operation: Cleanup
Event: 5140.290 Executing VM operation: Cleanup done

Memory protections (0 events):
No events

Nmethod flushes (0 events):
No events

Events (20 events):
Event: 0.037 Thread 0x000001da481ab840 Thread added: 0x000001da487e68d0
Event: 0.037 Thread 0x000001da481ab840 Thread added: 0x000001da487eba10
Event: 0.050 Thread 0x000001da481ab840 Thread added: 0x000001da4887c4c0
Event: 0.053 Thread 0x000001da481ab840 Thread added: 0x000001da488a9040
Event: 0.157 Thread 0x000001da487eba10 Thread added: 0x000001da489cb7e0
Event: 0.380 Thread 0x000001da489cb7e0 Thread exited: 0x000001da489cb7e0
Event: 0.422 Thread 0x000001da487e68d0 Thread added: 0x000001da48dc40d0
Event: 0.457 Thread 0x000001da481ab840 Thread added: 0x000001da48d7ec80
Event: 0.508 Thread 0x000001da48d7ec80 Thread added: 0x000001da48ca0b00
Event: 0.509 Thread 0x000001da48d7ec80 Thread added: 0x000001da48ca3c20
Event: 0.510 Thread 0x000001da48d7ec80 Thread added: 0x000001da48ca47e0
Event: 0.579 Thread 0x000001da48dc40d0 Thread exited: 0x000001da48dc40d0
Event: 0.646 Thread 0x000001da48ca47e0 Thread added: 0x000001da6b544450
Event: 0.679 Thread 0x000001da48d7ec80 Thread added: 0x000001da6b5430d0
Event: 2.728 Thread 0x000001da48d7ec80 Thread added: 0x000001da6b541050
Event: 2.735 Thread 0x000001da48d7ec80 Thread exited: 0x000001da48d7ec80
Event: 2.736 Thread 0x000001da481ab840 Thread exited: 0x000001da481ab840
Event: 2.736 Thread 0x000001da6b541d50 Thread added: 0x000001da6b541d50
Event: 2.846 Thread 0x000001da487eba10 Thread added: 0x000001da48d7eb20
Event: 3.486 Thread 0x000001da48d7eb20 Thread exited: 0x000001da48d7eb20


Dynamic libraries:
0x00007ff756900000 - 0x00007ff75690d000 	C:\Users\gabri\.p2\pool\plugins\org.eclipse.justj.openjdk.hotspot.jre.full.win32.aarch64_21.0.7.v20250502-0916\jre\bin\javaw.exe
0x00007ff914460000 - 0x00007ff91488a000 	C:\Windows\SYSTEM32\ntdll.dll
0x00007ff911f40000 - 0x00007ff9120a8000 	C:\Windows\System32\KERNEL32.DLL
0x00007ff90f890000 - 0x00007ff90ff27000 	C:\Windows\System32\KERNELBASE.dll
0x00007ff90ff30000 - 0x00007ff910158000 	C:\Windows\System32\ucrtbase.dll
0x00007ff902a80000 - 0x00007ff902a98000 	C:\Users\gabri\.p2\pool\plugins\org.eclipse.justj.openjdk.hotspot.jre.full.win32.aarch64_21.0.7.v20250502-0916\jre\bin\jli.dll
0x00007ff910fd0000 - 0x00007ff911253000 	C:\Windows\System32\USER32.dll
0x00007ff90f610000 - 0x00007ff90f66f000 	C:\Windows\System32\win32u.dll
0x00007ff911260000 - 0x00007ff9112c7000 	C:\Windows\System32\GDI32.dll
0x00007ff90f680000 - 0x00007ff90f87e000 	C:\Windows\System32\gdi32full.dll
0x00007ff900b10000 - 0x00007ff900b44000 	C:\Users\gabri\.p2\pool\plugins\org.eclipse.justj.openjdk.hotspot.jre.full.win32.aarch64_21.0.7.v20250502-0916\jre\bin\VCRUNTIME140.dll
0x00007ff910160000 - 0x00007ff9102b9000 	C:\Windows\System32\msvcp_win.dll
0x00007ff8f81a0000 - 0x00007ff8f861e000 	C:\Windows\WinSxS\arm64_microsoft.windows.common-controls_6595b64144ccf1df_6.0.26100.4202_none_3e069832e335f65b\COMCTL32.dll
0x00007ff912630000 - 0x00007ff912778000 	C:\Windows\System32\msvcrt.dll
0x00007ff9131f0000 - 0x00007ff913245000 	C:\Windows\System32\IMM32.DLL
0x00007ff8df6f0000 - 0x00007ff8df845000 	C:\Users\gabri\.p2\pool\plugins\org.eclipse.justj.openjdk.hotspot.jre.full.win32.aarch64_21.0.7.v20250502-0916\jre\bin\msvcp140.dll
0x00007fff9c0a0000 - 0x00007fff9cd04000 	C:\Users\gabri\.p2\pool\plugins\org.eclipse.justj.openjdk.hotspot.jre.full.win32.aarch64_21.0.7.v20250502-0916\jre\bin\server\jvm.dll
0x00007ff910e80000 - 0x00007ff910fbd000 	C:\Windows\System32\ADVAPI32.dll
0x00007ff910820000 - 0x00007ff91093e000 	C:\Windows\System32\sechost.dll
0x00007ff9117e0000 - 0x00007ff9119dd000 	C:\Windows\System32\RPCRT4.dll
0x00007ff911450000 - 0x00007ff911514000 	C:\Windows\System32\WS2_32.dll
0x00007ff90f3e0000 - 0x00007ff90f45c000 	C:\Windows\SYSTEM32\POWRPROF.dll
0x00007ff8f8f50000 - 0x00007ff8f8fb2000 	C:\Windows\SYSTEM32\WINMM.dll
0x00007ff8f9070000 - 0x00007ff8f9086000 	C:\Windows\SYSTEM32\VERSION.dll
0x00007ff90f3b0000 - 0x00007ff90f3d5000 	C:\Windows\SYSTEM32\UMPDC.dll
0x00007ff90d4c0000 - 0x00007ff90d4f1000 	C:\Windows\SYSTEM32\kernel.appcore.dll
0x00007ff909cf0000 - 0x00007ff909cfa000 	C:\Users\gabri\.p2\pool\plugins\org.eclipse.justj.openjdk.hotspot.jre.full.win32.aarch64_21.0.7.v20250502-0916\jre\bin\jimage.dll
0x00007ff90aea0000 - 0x00007ff90b2da000 	C:\Windows\SYSTEM32\DBGHELP.DLL
0x00007ff912850000 - 0x00007ff912ed4000 	C:\Windows\System32\combase.dll
0x00007ff910bf0000 - 0x00007ff910da3000 	C:\Windows\System32\OLEAUT32.dll
0x00007ff8e3e60000 - 0x00007ff8e3eca000 	C:\Windows\SYSTEM32\dbgcore.DLL
0x00007ff9102c0000 - 0x00007ff9103a0000 	C:\Windows\System32\bcryptPrimitives.dll
0x00007ff909cd0000 - 0x00007ff909cf0000 	C:\Users\gabri\.p2\pool\plugins\org.eclipse.justj.openjdk.hotspot.jre.full.win32.aarch64_21.0.7.v20250502-0916\jre\bin\java.dll
0x00007ff913570000 - 0x00007ff9143a6000 	C:\Windows\System32\SHELL32.dll
0x00007ff9103b0000 - 0x00007ff9106c6000 	C:\Windows\System32\wintypes.dll
0x00007ff90b510000 - 0x00007ff90c6e6000 	C:\Windows\SYSTEM32\windows.storage.dll
0x00007ff912ef0000 - 0x00007ff9130ee000 	C:\Windows\System32\SHCORE.dll
0x00007ff910db0000 - 0x00007ff910e70000 	C:\Windows\System32\shlwapi.dll
0x00007ff90f4b0000 - 0x00007ff90f507000 	C:\Windows\SYSTEM32\profapi.dll
0x00007ff8aadb0000 - 0x00007ff8aadc8000 	C:\Users\gabri\.p2\pool\plugins\org.eclipse.justj.openjdk.hotspot.jre.full.win32.aarch64_21.0.7.v20250502-0916\jre\bin\zip.dll
0x00007ff88ce10000 - 0x00007ff88ce21000 	C:\Users\gabri\.p2\pool\plugins\org.eclipse.justj.openjdk.hotspot.jre.full.win32.aarch64_21.0.7.v20250502-0916\jre\bin\net.dll
0x00007ff904940000 - 0x00007ff904b42000 	C:\Windows\SYSTEM32\WINHTTP.dll
0x00007ff90dd20000 - 0x00007ff90ddde000 	C:\Windows\system32\mswsock.dll
0x00007ff88c5f0000 - 0x00007ff88c606000 	C:\Users\gabri\.p2\pool\plugins\org.eclipse.justj.openjdk.hotspot.jre.full.win32.aarch64_21.0.7.v20250502-0916\jre\bin\nio.dll
0x00007ff90e2d0000 - 0x00007ff90e300000 	C:\Windows\SYSTEM32\CRYPTSP.dll
0x00007ff90d3f0000 - 0x00007ff90d459000 	C:\Windows\system32\rsaenh.dll
0x00007ff90de40000 - 0x00007ff90de90000 	C:\Windows\SYSTEM32\USERENV.dll
0x00007ff90f460000 - 0x00007ff90f4a5000 	C:\Windows\SYSTEM32\bcrypt.dll
0x00007ff90e100000 - 0x00007ff90e116000 	C:\Windows\SYSTEM32\CRYPTBASE.dll
0x00007ff90cd80000 - 0x00007ff90cdde000 	C:\Windows\SYSTEM32\IPHLPAPI.DLL
0x00007ff9119f0000 - 0x00007ff911a02000 	C:\Windows\System32\NSI.dll
0x00007ff90f1a0000 - 0x00007ff90f2a4000 	C:\Windows\system32\apphelp.dll
0x00007ff902a70000 - 0x00007ff902a7f000 	C:\Users\gabri\.p2\pool\plugins\org.eclipse.justj.openjdk.hotspot.jre.full.win32.aarch64_21.0.7.v20250502-0916\jre\bin\instrument.dll
0x00007ff88d900000 - 0x00007ff88da85000 	C:\Users\gabri\.p2\pool\plugins\org.eclipse.justj.openjdk.hotspot.jre.full.win32.aarch64_21.0.7.v20250502-0916\jre\bin\awt.dll
0x00007ff90a690000 - 0x00007ff90a6f0000 	C:\Windows\system32\DWMAPI.DLL
0x00007ff90a000000 - 0x00007ff90a123000 	C:\Windows\system32\uxtheme.dll
0x00007ff83e4f0000 - 0x00007ff83e6c0000 	C:\Windows\system32\opengl32.dll
0x00007ff83c520000 - 0x00007ff83c570000 	C:\Windows\SYSTEM32\GLU32.dll
0x00007ff90a290000 - 0x00007ff90a329000 	C:\Windows\SYSTEM32\dxcore.dll
0x00007ff910950000 - 0x00007ff910be4000 	C:\Windows\System32\MSCTF.dll
0x00007ff911520000 - 0x00007ff9117d7000 	C:\Windows\System32\ole32.dll
0x00007ff8ac7f0000 - 0x00007ff8acaf8000 	C:\Windows\system32\d3d9.dll
0x00007ff8d6a90000 - 0x00007ff8d6c2c000 	C:\Windows\SYSTEM32\d3d9on12.dll
0x00007ff90a400000 - 0x00007ff90a637000 	C:\Windows\SYSTEM32\dxgi.dll
0x00007ff803240000 - 0x00007ff803286000 	C:\Windows\SYSTEM32\d3d12.dll
0x00007ff90a330000 - 0x00007ff90a3ef000 	C:\Windows\SYSTEM32\directxdatabasehelper.dll
0x00007ff90ed80000 - 0x00007ff90ee20000 	C:\Windows\SYSTEM32\cfgmgr32.dll
0x00007fffbf030000 - 0x00007fffbf451000 	C:\Windows\SYSTEM32\D3D12Core.dll
0x00007fffb4820000 - 0x00007fffb50d8000 	C:\Windows\System32\DriverStore\FileRepository\qcdx8380.inf_arm64_95e56db089b80d1a\qcdx12arm64xum.dll
0x00007ff8d67a0000 - 0x00007ff8d6a82000 	C:\Windows\SYSTEM32\dxilconv.dll
0x00007ff8e1440000 - 0x00007ff8e3e57000 	C:\Windows\System32\DriverStore\FileRepository\qcdx8380.inf_arm64_95e56db089b80d1a\qcgpuarm64xcompilercore.dll
0x00007ff8e02d0000 - 0x00007ff8e0321000 	C:\Windows\SYSTEM32\D3DSCache.dll
0x00007ff88d6b0000 - 0x00007ff88d729000 	C:\Users\gabri\.p2\pool\plugins\org.eclipse.justj.openjdk.hotspot.jre.full.win32.aarch64_21.0.7.v20250502-0916\jre\bin\freetype.dll
0x00007ff88c1a0000 - 0x00007ff88c26e000 	C:\Users\gabri\.p2\pool\plugins\org.eclipse.justj.openjdk.hotspot.jre.full.win32.aarch64_21.0.7.v20250502-0916\jre\bin\fontmanager.dll
0x00007ff8ef890000 - 0x00007ff8efb2e000 	C:\Windows\SYSTEM32\textinputframework.dll
0x00007ff8c02a0000 - 0x00007ff8c038d000 	C:\Windows\system32\Oleacc.dll
0x00007ff9086a0000 - 0x00007ff90892c000 	C:\Windows\SYSTEM32\CoreMessaging.dll
0x00007ff8e6ae0000 - 0x00007ff8e7150000 	C:\Windows\SYSTEM32\CoreUIComponents.dll

dbghelp: loaded successfully - version: 4.0.5 - missing functions: none
symbol engine: initialized successfully - sym options: 0x614 - pdb path: .;C:\Users\gabri\.p2\pool\plugins\org.eclipse.justj.openjdk.hotspot.jre.full.win32.aarch64_21.0.7.v20250502-0916\jre\bin;C:\Windows\SYSTEM32;C:\Windows\WinSxS\arm64_microsoft.windows.common-controls_6595b64144ccf1df_6.0.26100.4202_none_3e069832e335f65b;C:\Users\gabri\.p2\pool\plugins\org.eclipse.justj.openjdk.hotspot.jre.full.win32.aarch64_21.0.7.v20250502-0916\jre\bin\server;C:\Windows\System32\DriverStore\FileRepository\qcdx8380.inf_arm64_95e56db089b80d1a

VM Arguments:
jvm_args: -Dfile.encoding=UTF-8 -Dstdout.encoding=UTF-8 -Dstderr.encoding=UTF-8 -XX:+ShowCodeDetailsInExceptionMessages 
java_command: tester.Main ExamplesMines
java_class_path (initial): C:\Users\gabri\OneDrive - Northeastern University\Documents\CS2510\EclipseWorkspace\Hw9\bin;C:\Users\gabri\OneDrive - Northeastern University\Documents\CS2510\EclipseJars\javalib.jar;C:\Users\gabri\OneDrive - Northeastern University\Documents\CS2510\EclipseJars\tester.jar
Launcher Type: SUN_STANDARD

[Global flags]
     intx CICompilerCount                          = 4                                         {product} {ergonomic}
     uint ConcGCThreads                            = 3                                         {product} {ergonomic}
     uint G1ConcRefinementThreads                  = 10                                        {product} {ergonomic}
   size_t G1HeapRegionSize                         = 2097152                                   {product} {ergonomic}
    uintx GCDrainStackTargetSize                   = 64                                        {product} {ergonomic}
   size_t InitialHeapSize                          = 262144000                                 {product} {ergonomic}
   size_t MarkStackSize                            = 4194304                                   {product} {ergonomic}
   size_t MaxHeapSize                              = 4192206848                                {product} {ergonomic}
   size_t MaxNewSize                               = 2514485248                                {product} {ergonomic}
   size_t MinHeapDeltaBytes                        = 2097152                                   {product} {ergonomic}
   size_t MinHeapSize                              = 8388608                                   {product} {ergonomic}
    uintx NonNMethodCodeHeapSize                   = 5839564                                {pd product} {ergonomic}
    uintx NonProfiledCodeHeapSize                  = 122909338                              {pd product} {ergonomic}
    uintx ProfiledCodeHeapSize                     = 122909338                              {pd product} {ergonomic}
    uintx ReservedCodeCacheSize                    = 251658240                              {pd product} {ergonomic}
     bool SegmentedCodeCache                       = true                                      {product} {ergonomic}
     bool ShowCodeDetailsInExceptionMessages       = true                                   {manageable} {command line}
   size_t SoftMaxHeapSize                          = 4192206848                             {manageable} {ergonomic}
     bool UseCompressedOops                        = true                           {product lp64_product} {ergonomic}
     bool UseG1GC                                  = true                                      {product} {ergonomic}
     bool UseLargePagesIndividualAllocation        = false                                  {pd product} {ergonomic}

Logging:
Log output configuration:
 #0: stdout all=warning uptime,level,tags foldmultilines=false
 #1: stderr all=off uptime,level,tags foldmultilines=false

Environment Variables:
PATH=C:/Users/gabri/.p2/pool/plugins/org.eclipse.justj.openjdk.hotspot.jre.full.win32.aarch64_21.0.7.v20250502-0916/jre/bin/server;C:/Users/gabri/.p2/pool/plugins/org.eclipse.justj.openjdk.hotspot.jre.full.win32.aarch64_21.0.7.v20250502-0916/jre/bin;C:\Program Files\Common Files\Oracle\Java\javapath;C:\Program Files (x86)\NVIDIA Corporation\PhysX\Common;C:\Windows\system32;C:\Windows;C:\Windows\System32\Wbem;C:\Windows\System32\WindowsPowerShell\v1.0\;C:\Windows\System32\OpenSSH\;C:\Program Files (x86)\Windows Kits\10\Windows Performance Toolkit\;C:\Program Files (x86)\Windows Kits\8.1\Windows Performance Toolkit\;C:\Program Files\MATLAB\R2024b\bin;C:\Users\gabri\AppData\Local\Microsoft\WindowsApps;C:\Users\gabri\AppData\Local\Programs\Microsoft VS Code\bin;C:\Program Files\JetBrains\CLion 2024.3.4\bin;;C:\Users\gabri\eclipse\java-2025-033\eclipse;
USERNAME=gabri
OS=Windows_NT
PROCESSOR_IDENTIFIER=ARMv8 (64-bit) Family 8 Model 1 Revision 201, Qualcomm Technologies Inc
TMP=C:\Users\gabri\AppData\Local\Temp
TEMP=C:\Users\gabri\AppData\Local\Temp




Periodic native trim disabled

---------------  S Y S T E M  ---------------

OS:
 Windows 11 , 64 bit Build 26100 (10.0.26100.4343)
OS uptime: 0 days 15:06 hours

CPU: total 12 (initial active 12) 0x00:0x0:0x000:0, asimd, aes, sha1, sha256, crc32
Processor Information for the first 12 processors :
  Max Mhz: 3417, Current Mhz: 3417, Mhz Limit: 3417

Memory: 4k page, system-wide physical 15984M (1442M free)
TotalPageFile size 33950M (AvailPageFile size 6876M)
current process WorkingSet (physical memory assigned to process): 266M, peak: 429M
current process commit charge ("private bytes"): 521M, peak: 687M

vm_info: OpenJDK 64-Bit Server VM (21.0.7+6-LTS) for windows-aarch64 JRE (21.0.7+6-LTS), built on 2025-04-15T00:00:00Z by "admin" with MS VC++ 17.7 (VS2022)

END.
